2016-06-15 09:18:40.103 INFO com.fernuni.searchengine.RESTController : [/addDataDir] was called with parameters	[path:/Users/Nut/Documents/internship/testsubjects]
2016-06-15 09:18:46.022 INFO com.fernuni.searchengine.RESTController : [/addDataDir] was called with parameters	[path:/Users/Nut/Documents/internship/]
2016-06-15 09:18:46.024 INFO com.fernuni.searchengine.SearchEngine.DirectoryHandler : /Users/Nut/Documents/internship/testsubjects is a sub-directory of /Users/Nut/Documents/internship, Unwatch thread /Users/Nut/Documents/internship/testsubjects
2016-06-15 09:18:46.025 INFO com.fernuni.searchengine.SearchEngine.DirectoryHandler : Stopping thread: /Users/Nut/Documents/internship/testsubjects
2016-06-15 09:19:01.080 INFO com.fernuni.searchengine.RESTController : [/deleteDataDir] was called with parameters	[path:/Users/Nut/Documents/internship/testsubjects]
2016-06-15 09:19:01.081 INFO com.fernuni.searchengine.SearchEngine.DirectoryHandler : clearDataDir is called, and processing.
2016-06-15 09:19:01.081 INFO com.fernuni.searchengine.SearchEngine.DirectoryHandler : Status report before remove data directory.
2016-06-15 09:19:01.094 INFO com.fernuni.searchengine.SearchEngine.Indexer : Status report was called.
2016-06-15 09:19:01.097 INFO com.fernuni.searchengine.SearchEngine.Indexer : Indexer is null
2016-06-15 09:19:02.036 INFO com.fernuni.searchengine.SearchEngine.Indexer : Reporting status...
======================
	Indexer is not NULL
	Index directory:	not found
	Data directory(s):
		/Users/Nut/Documents/internship/testsubjects
		/Users/Nut/Documents/internship
	Content is not stored.
	Pre content is stored.
	Preview content using 100 first words from the file
======================
2016-06-15 09:19:02.043 FINE com.fernuni.searchengine.SearchEngine.DirectoryHandler : Following path has been removed: /Users/Nut/Documents/internship/testsubjects
2016-06-15 09:19:02.044 INFO com.fernuni.searchengine.SearchEngine.Indexer : Status report was called.
2016-06-15 09:19:02.054 INFO com.fernuni.searchengine.SearchEngine.Indexer : Reporting status...
======================
	Indexer is not NULL
	Index directory:	not found
	Data directory(s):
		/Users/Nut/Documents/internship
	Content is not stored.
	Pre content is stored.
	Preview content using 100 first words from the file
======================
2016-06-15 09:19:02.060 INFO com.fernuni.searchengine.SearchEngine.DirectoryHandler : No watcher is watching /Users/Nut/Documents/internship/testsubjects
2016-06-15 09:20:26.296 INFO com.fernuni.searchengine.RESTController : [/deleteDataDir] was called with parameters	[path:/Users/Nut/Documents/internship/]
2016-06-15 09:20:26.297 INFO com.fernuni.searchengine.SearchEngine.DirectoryHandler : clearDataDir is called, and processing.
2016-06-15 09:20:26.297 INFO com.fernuni.searchengine.SearchEngine.DirectoryHandler : Status report before remove data directory.
2016-06-15 09:20:26.300 INFO com.fernuni.searchengine.SearchEngine.Indexer : Status report was called.
2016-06-15 09:20:26.301 INFO com.fernuni.searchengine.SearchEngine.Indexer : Reporting status...
======================
	Indexer is not NULL
	Index directory:	not found
	Data directory(s):
		/Users/Nut/Documents/internship
	Content is not stored.
	Pre content is stored.
	Preview content using 100 first words from the file
======================
2016-06-15 09:20:26.302 FINE com.fernuni.searchengine.SearchEngine.DirectoryHandler : Following path has been removed: /Users/Nut/Documents/internship
2016-06-15 09:20:26.302 INFO com.fernuni.searchengine.SearchEngine.Indexer : Status report was called.
2016-06-15 09:20:26.302 INFO com.fernuni.searchengine.SearchEngine.Indexer : Reporting status...
======================
	Indexer is not NULL
	Index directory:	not found
	Data directory(s):	No directory entered yet.
	Content is not stored.
	Pre content is stored.
	Preview content using 100 first words from the file
======================
2016-06-15 09:20:26.303 INFO com.fernuni.searchengine.SearchEngine.DirectoryHandler : Stopping thread: /Users/Nut/Documents/internship
2016-06-15 09:20:56.736 INFO com.fernuni.searchengine.RESTController : [/addDataDir] was called with parameters	[path:/Users/Nut/Documents/internship/testsubjects]
2016-06-15 09:21:02.620 INFO com.fernuni.searchengine.RESTController : [/addDataDir] was called with parameters	[path:/Users/Nut/Documents/internship]
2016-06-15 09:21:02.621 INFO com.fernuni.searchengine.SearchEngine.DirectoryHandler : /Users/Nut/Documents/internship/testsubjects is a sub-directory of /Users/Nut/Documents/internship, Unwatch thread /Users/Nut/Documents/internship/testsubjects
2016-06-15 09:21:02.621 INFO com.fernuni.searchengine.SearchEngine.DirectoryHandler : Stopping thread: /Users/Nut/Documents/internship/testsubjects
2016-06-15 09:21:34.383 INFO com.fernuni.searchengine.RESTController : [/deleteDataDir] was called with parameters	[path:/Users/Nut/Documents/internship/]
2016-06-15 09:21:34.407 INFO com.fernuni.searchengine.SearchEngine.DirectoryHandler : clearDataDir is called, and processing.
2016-06-15 09:21:34.408 INFO com.fernuni.searchengine.SearchEngine.DirectoryHandler : Status report before remove data directory.
2016-06-15 09:21:34.408 INFO com.fernuni.searchengine.SearchEngine.Indexer : Status report was called.
2016-06-15 09:21:34.408 INFO com.fernuni.searchengine.SearchEngine.Indexer : Reporting status...
======================
	Indexer is not NULL
	Index directory:	not found
	Data directory(s):
		/Users/Nut/Documents/internship/testsubjects
		/Users/Nut/Documents/internship
	Content is not stored.
	Pre content is stored.
	Preview content using 100 first words from the file
======================
2016-06-15 09:21:34.412 FINE com.fernuni.searchengine.SearchEngine.DirectoryHandler : Following path has been removed: /Users/Nut/Documents/internship
2016-06-15 09:21:34.412 INFO com.fernuni.searchengine.SearchEngine.Indexer : Status report was called.
2016-06-15 09:21:34.413 INFO com.fernuni.searchengine.SearchEngine.Indexer : Reporting status...
======================
	Indexer is not NULL
	Index directory:	not found
	Data directory(s):
		/Users/Nut/Documents/internship/testsubjects
	Content is not stored.
	Pre content is stored.
	Preview content using 100 first words from the file
======================
2016-06-15 09:21:34.413 INFO com.fernuni.searchengine.SearchEngine.DirectoryHandler : Stopping thread: /Users/Nut/Documents/internship
2016-06-15 09:27:45.349 INFO com.fernuni.searchengine.RESTController : [/deleteDataDir] was called with parameters	[path:/Users/Nut/Documents/internship/]
2016-06-15 09:27:45.352 INFO com.fernuni.searchengine.SearchEngine.DirectoryHandler : clearDataDir is called, and processing.
2016-06-15 09:27:45.353 INFO com.fernuni.searchengine.SearchEngine.DirectoryHandler : Status report before remove data directory.
2016-06-15 09:27:45.365 INFO com.fernuni.searchengine.SearchEngine.Indexer : Status report was called.
2016-06-15 09:27:45.367 INFO com.fernuni.searchengine.SearchEngine.Indexer : Indexer is null
2016-06-15 09:27:46.063 INFO com.fernuni.searchengine.SearchEngine.Indexer : Reporting status...
======================
	Indexer is not NULL
	Index directory:	not found
	Data directory(s):	No directory entered yet.
	Content is not stored.
	Pre content is stored.
	Preview content using 100 first words from the file
======================
2016-06-15 09:27:46.063 INFO com.fernuni.searchengine.SearchEngine.DirectoryHandler : No directory match.
2016-06-15 09:27:46.064 INFO com.fernuni.searchengine.SearchEngine.Indexer : Status report was called.
2016-06-15 09:27:46.066 INFO com.fernuni.searchengine.SearchEngine.Indexer : Reporting status...
======================
	Indexer is not NULL
	Index directory:	not found
	Data directory(s):	No directory entered yet.
	Content is not stored.
	Pre content is stored.
	Preview content using 100 first words from the file
======================
2016-06-15 09:27:54.969 INFO com.fernuni.searchengine.RESTController : [/addDataDir] was called with parameters	[path:/Users/Nut/Documents/internship/]
2016-06-15 09:28:00.778 INFO com.fernuni.searchengine.RESTController : [/addDataDir] was called with parameters	[path:/Users/Nut/Documents/internship/testsubjects]
2016-06-15 09:28:00.782 INFO com.fernuni.searchengine.SearchEngine.DirectoryHandler : /Users/Nut/Documents/internship/testsubjects is a sub-directory of /Users/Nut/Documents/internship, No watcher service has been added.
2016-06-15 09:28:06.874 INFO com.fernuni.searchengine.RESTController : [/addDataDir] was called with parameters	[path:/Users/Nut/Documents/]
2016-06-15 09:28:06.876 INFO com.fernuni.searchengine.SearchEngine.DirectoryHandler : /Users/Nut/Documents is already registered and watching.
2016-06-15 10:04:49.711 INFO com.fernuni.searchengine.RESTController : [/addDataDir] was called with parameters	[path:/Users/Nut/Documents/internship/testsubjects]
2016-06-15 10:04:58.589 INFO com.fernuni.searchengine.RESTController : [/addDataDir] was called with parameters	[path:/Users/Nut/Documents/internship/]
2016-06-15 10:04:58.592 INFO com.fernuni.searchengine.SearchEngine.DirectoryHandler : /Users/Nut/Documents/internship/testsubjects is a sub-directory of /Users/Nut/Documents/internship, Unwatch thread /Users/Nut/Documents/internship/testsubjects
2016-06-15 10:04:58.593 INFO com.fernuni.searchengine.SearchEngine.DirectoryHandler : Stopping thread: /Users/Nut/Documents/internship/testsubjects
2016-06-15 10:04:58.597 INFO com.fernuni.searchengine.SearchEngine.DirectoryHandler : Checking watcher services...
2016-06-15 10:04:58.597 INFO com.fernuni.searchengine.SearchEngine.DirectoryHandler : /Users/Nut/Documents/internship/testsubjects is already registered and watching.
2016-06-15 10:04:58.598 INFO com.fernuni.searchengine.SearchEngine.DirectoryHandler : /Users/Nut/Documents/internship/testsubjects is a sub-directory of /Users/Nut/Documents/internship, Unwatch thread /Users/Nut/Documents/internship/testsubjects
2016-06-15 10:08:46.164 INFO com.fernuni.searchengine.RESTController : [/addDataDir] was called with parameters	[path:/Users/Nut/Documents/internship/testsubjects]
2016-06-15 10:08:50.841 INFO com.fernuni.searchengine.RESTController : [/addDataDir] was called with parameters	[path:/Users/Nut/Documents/internship/]
2016-06-15 10:08:50.849 INFO com.fernuni.searchengine.SearchEngine.DirectoryHandler : /Users/Nut/Documents/internship/testsubjects is a sub-directory of /Users/Nut/Documents/internship, Unwatch thread /Users/Nut/Documents/internship/testsubjects
2016-06-15 10:08:50.850 INFO com.fernuni.searchengine.SearchEngine.DirectoryHandler : Stopping thread: /Users/Nut/Documents/internship/testsubjects
2016-06-15 10:08:50.855 INFO com.fernuni.searchengine.SearchEngine.DirectoryHandler : Checking watcher services...
2016-06-15 10:08:50.856 INFO com.fernuni.searchengine.SearchEngine.DirectoryHandler : /Users/Nut/Documents/internship/testsubjects is already registered and watching.
2016-06-15 10:08:50.857 INFO com.fernuni.searchengine.SearchEngine.DirectoryHandler : /Users/Nut/Documents/internship/testsubjects is a sub-directory of /Users/Nut/Documents/internship, Unwatch thread /Users/Nut/Documents/internship/testsubjects
2016-06-15 10:37:53.192 INFO com.fernuni.searchengine.RESTController : [/addDataDir] was called with parameters	[path:/Users/Nut/Documents/internship/testsubjects]
2016-06-15 10:38:22.317 INFO com.fernuni.searchengine.RESTController : [/addDataDir] was called with parameters	[path:/Users/Nut/Documents/internship/lucene_demo]
2016-06-15 10:39:19.229 INFO com.fernuni.searchengine.RESTController : [/addDataDir] was called with parameters	[path:/Users/Nut/Documents/internship/lucene_demo]
2016-06-15 10:39:19.231 INFO com.fernuni.searchengine.SearchEngine.DirectoryHandler : /Users/Nut/Documents/internship/lucene_demo is a duplicated path.
2016-06-15 10:39:34.079 INFO com.fernuni.searchengine.RESTController : [/addDataDir] was called with parameters	[path:/Users/Nut/Documents/internship/]
2016-06-15 12:18:47.541 INFO com.fernuni.searchengine.RESTController : [/addDataDir] was called with parameters	[path:/Users/Nut/Documents/internship/testsubjects]
2016-06-15 12:18:56.704 INFO com.fernuni.searchengine.RESTController : [/deleteDataDir] was called with parameters	[path:/Users/Nut/Documents/internship/testsubjects]
2016-06-15 12:18:56.709 INFO com.fernuni.searchengine.SearchEngine.DirectoryHandler : clearDataDir is called, and processing.
2016-06-15 12:18:56.709 INFO com.fernuni.searchengine.SearchEngine.DirectoryHandler : Status report before remove data directory.
2016-06-15 12:18:57.492 INFO com.fernuni.searchengine.SearchEngine.DirectoryHandler : Status report was called.
2016-06-15 12:18:57.492 INFO com.fernuni.searchengine.SearchEngine.DirectoryHandler : Status report was called.
2016-06-15 12:18:57.493 INFO com.fernuni.searchengine.SearchEngine.DirectoryHandler : Reporting status...
======================
	Indexer is not NULL
	Index directory:null
	Data directory(s):
		/Users/Nut/Documents/internship/testsubjects
	Content is not stored.
	Pre content is stored.
	Preview content using 100 first words from the file
======================
2016-06-15 12:18:57.493 INFO com.fernuni.searchengine.SearchEngine.DirectoryHandler : Reporting status...
======================
	Indexer is not NULL
	Index directory:null
	Data directory(s):
		/Users/Nut/Documents/internship/testsubjects
	Content is not stored.
	Pre content is stored.
	Preview content using 100 first words from the file
======================
2016-06-15 12:18:57.495 FINE com.fernuni.searchengine.SearchEngine.DirectoryHandler : Following path has been removed: /Users/Nut/Documents/internship/testsubjects
2016-06-15 12:18:57.495 FINE com.fernuni.searchengine.SearchEngine.DirectoryHandler : Following path has been removed: /Users/Nut/Documents/internship/testsubjects
2016-06-15 12:18:57.495 INFO com.fernuni.searchengine.SearchEngine.DirectoryHandler : Status report was called.
2016-06-15 12:18:57.495 INFO com.fernuni.searchengine.SearchEngine.DirectoryHandler : Status report was called.
2016-06-15 12:18:57.496 INFO com.fernuni.searchengine.SearchEngine.DirectoryHandler : Reporting status...
======================
	Indexer is not NULL
	Index directory:null
	Data directory(s):	No directory entered yet.
	Content is not stored.
	Pre content is stored.
	Preview content using 100 first words from the file
======================
2016-06-15 12:18:57.496 INFO com.fernuni.searchengine.SearchEngine.DirectoryHandler : Reporting status...
======================
	Indexer is not NULL
	Index directory:null
	Data directory(s):	No directory entered yet.
	Content is not stored.
	Pre content is stored.
	Preview content using 100 first words from the file
======================
2016-06-15 12:19:53.860 INFO com.fernuni.searchengine.RESTController : [/addDataDir] was called with parameters	[path:/Users/Nut/Documents/internship]
2016-06-15 12:20:07.242 INFO com.fernuni.searchengine.RESTController : [/addDataDir] was called with parameters	[path:/Users/Nut/Documents/internship/testsubjects]
2016-06-15 12:20:15.862 INFO com.fernuni.searchengine.RESTController : [/deleteDataDir] was called with parameters	[path:/Users/Nut/Documents/internship/testsubjects]
2016-06-15 12:20:15.862 INFO com.fernuni.searchengine.SearchEngine.DirectoryHandler : clearDataDir is called, and processing.
2016-06-15 12:20:15.863 INFO com.fernuni.searchengine.SearchEngine.DirectoryHandler : clearDataDir is called, and processing.
2016-06-15 12:20:15.863 INFO com.fernuni.searchengine.SearchEngine.DirectoryHandler : Status report before remove data directory.
2016-06-15 12:20:15.863 INFO com.fernuni.searchengine.SearchEngine.DirectoryHandler : Status report before remove data directory.
2016-06-15 12:20:15.863 INFO com.fernuni.searchengine.SearchEngine.DirectoryHandler : Status report was called.
2016-06-15 12:20:15.863 INFO com.fernuni.searchengine.SearchEngine.DirectoryHandler : Status report was called.
2016-06-15 12:20:15.863 INFO com.fernuni.searchengine.SearchEngine.DirectoryHandler : Reporting status...
======================
	Indexer is not NULL
	Index directory:null
	Data directory(s):
		/Users/Nut/Documents/internship
		/Users/Nut/Documents/internship/testsubjects
	Content is not stored.
	Pre content is stored.
	Preview content using 100 first words from the file
======================
2016-06-15 12:20:15.863 INFO com.fernuni.searchengine.SearchEngine.DirectoryHandler : Reporting status...
======================
	Indexer is not NULL
	Index directory:null
	Data directory(s):
		/Users/Nut/Documents/internship
		/Users/Nut/Documents/internship/testsubjects
	Content is not stored.
	Pre content is stored.
	Preview content using 100 first words from the file
======================
2016-06-15 12:20:15.863 FINE com.fernuni.searchengine.SearchEngine.DirectoryHandler : Following path has been removed: /Users/Nut/Documents/internship/testsubjects
2016-06-15 12:20:15.864 FINE com.fernuni.searchengine.SearchEngine.DirectoryHandler : Following path has been removed: /Users/Nut/Documents/internship/testsubjects
2016-06-15 12:20:15.864 INFO com.fernuni.searchengine.SearchEngine.DirectoryHandler : Status report was called.
2016-06-15 12:20:15.864 INFO com.fernuni.searchengine.SearchEngine.DirectoryHandler : Status report was called.
2016-06-15 12:20:15.864 INFO com.fernuni.searchengine.SearchEngine.DirectoryHandler : Reporting status...
======================
	Indexer is not NULL
	Index directory:null
	Data directory(s):
		/Users/Nut/Documents/internship
	Content is not stored.
	Pre content is stored.
	Preview content using 100 first words from the file
======================
2016-06-15 12:20:15.864 INFO com.fernuni.searchengine.SearchEngine.DirectoryHandler : Reporting status...
======================
	Indexer is not NULL
	Index directory:null
	Data directory(s):
		/Users/Nut/Documents/internship
	Content is not stored.
	Pre content is stored.
	Preview content using 100 first words from the file
======================
2016-06-15 12:21:07.638 INFO com.fernuni.searchengine.RESTController : [/addDataDir] was called with parameters	[path:/Users/Nut/Documents/internship/testsubjects]
2016-06-15 12:21:10.083 INFO com.fernuni.searchengine.RESTController : [/status] was called.
2016-06-15 12:21:10.084 INFO com.fernuni.searchengine.SearchEngine.DirectoryHandler : Status report was called.
2016-06-15 12:21:10.084 INFO com.fernuni.searchengine.SearchEngine.DirectoryHandler : Status report was called.
2016-06-15 12:21:10.084 INFO com.fernuni.searchengine.SearchEngine.DirectoryHandler : Reporting status...
======================
	Indexer is not NULL
	Index directory:null
	Data directory(s):
		/Users/Nut/Documents/internship
		/Users/Nut/Documents/internship/testsubjects
	Content is not stored.
	Pre content is stored.
	Preview content using 100 first words from the file
======================
2016-06-15 12:21:10.084 INFO com.fernuni.searchengine.SearchEngine.DirectoryHandler : Reporting status...
======================
	Indexer is not NULL
	Index directory:null
	Data directory(s):
		/Users/Nut/Documents/internship
		/Users/Nut/Documents/internship/testsubjects
	Content is not stored.
	Pre content is stored.
	Preview content using 100 first words from the file
======================
2016-06-15 12:22:54.387 INFO com.fernuni.searchengine.RESTController : [/addDataDir] was called with parameters	[path:/Users/Nut/Documents/internship/]
2016-06-15 12:23:00.458 INFO com.fernuni.searchengine.RESTController : [/addDataDir] was called with parameters	[path:/Users/Nut/Documents/internship/testsubjects]
2016-06-15 12:23:17.360 INFO com.fernuni.searchengine.RESTController : [/deleteDataDir] was called with parameters	[path:/Users/Nut/Documents/internship/testsubjects]
2016-06-15 12:23:17.375 INFO com.fernuni.searchengine.SearchEngine.DirectoryHandler : clearDataDir is called, and processing.
2016-06-15 12:23:17.381 INFO com.fernuni.searchengine.SearchEngine.DirectoryHandler : Status report before remove data directory.
2016-06-15 12:23:18.052 INFO com.fernuni.searchengine.SearchEngine.DirectoryHandler : Status report was called.
2016-06-15 12:23:18.052 INFO com.fernuni.searchengine.SearchEngine.DirectoryHandler : Status report was called.
2016-06-15 12:23:18.053 INFO com.fernuni.searchengine.SearchEngine.DirectoryHandler : Reporting status...
======================
	Indexer is not NULL
	Index directory:null
	Data directory(s):
		/Users/Nut/Documents/internship
		/Users/Nut/Documents/internship/testsubjects
	Content is not stored.
	Pre content is stored.
	Preview content using 100 first words from the file
======================
2016-06-15 12:23:18.053 INFO com.fernuni.searchengine.SearchEngine.DirectoryHandler : Reporting status...
======================
	Indexer is not NULL
	Index directory:null
	Data directory(s):
		/Users/Nut/Documents/internship
		/Users/Nut/Documents/internship/testsubjects
	Content is not stored.
	Pre content is stored.
	Preview content using 100 first words from the file
======================
2016-06-15 12:23:18.054 FINE com.fernuni.searchengine.SearchEngine.DirectoryHandler : Following path has been removed: /Users/Nut/Documents/internship/testsubjects
2016-06-15 12:23:18.054 FINE com.fernuni.searchengine.SearchEngine.DirectoryHandler : Following path has been removed: /Users/Nut/Documents/internship/testsubjects
2016-06-15 12:23:18.054 INFO com.fernuni.searchengine.SearchEngine.DirectoryHandler : Status report was called.
2016-06-15 12:23:18.054 INFO com.fernuni.searchengine.SearchEngine.DirectoryHandler : Status report was called.
2016-06-15 12:23:18.055 INFO com.fernuni.searchengine.SearchEngine.DirectoryHandler : Reporting status...
======================
	Indexer is not NULL
	Index directory:null
	Data directory(s):
		/Users/Nut/Documents/internship
	Content is not stored.
	Pre content is stored.
	Preview content using 100 first words from the file
======================
2016-06-15 12:23:18.056 INFO com.fernuni.searchengine.SearchEngine.DirectoryHandler : Reporting status...
======================
	Indexer is not NULL
	Index directory:null
	Data directory(s):
		/Users/Nut/Documents/internship
	Content is not stored.
	Pre content is stored.
	Preview content using 100 first words from the file
======================
2016-06-15 12:23:21.863 INFO com.fernuni.searchengine.RESTController : [/status] was called.
2016-06-15 12:23:21.864 INFO com.fernuni.searchengine.SearchEngine.DirectoryHandler : Status report was called.
2016-06-15 12:23:21.864 INFO com.fernuni.searchengine.SearchEngine.DirectoryHandler : Status report was called.
2016-06-15 12:23:21.864 INFO com.fernuni.searchengine.SearchEngine.DirectoryHandler : Reporting status...
======================
	Indexer is not NULL
	Index directory:null
	Data directory(s):
		/Users/Nut/Documents/internship
	Content is not stored.
	Pre content is stored.
	Preview content using 100 first words from the file
======================
2016-06-15 12:23:21.865 INFO com.fernuni.searchengine.SearchEngine.DirectoryHandler : Reporting status...
======================
	Indexer is not NULL
	Index directory:null
	Data directory(s):
		/Users/Nut/Documents/internship
	Content is not stored.
	Pre content is stored.
	Preview content using 100 first words from the file
======================
2016-06-15 12:23:50.525 INFO com.fernuni.searchengine.RESTController : [/addDataDir] was called with parameters	[path:/Users/Nut/Documents/internship/testsubjects]
2016-06-15 12:23:55.438 INFO com.fernuni.searchengine.RESTController : [/deleteDataDir] was called with parameters	[path:/Users/Nut/Documents/internship]
2016-06-15 12:23:55.439 INFO com.fernuni.searchengine.SearchEngine.DirectoryHandler : clearDataDir is called, and processing.
2016-06-15 12:23:55.439 INFO com.fernuni.searchengine.SearchEngine.DirectoryHandler : clearDataDir is called, and processing.
2016-06-15 12:23:55.439 INFO com.fernuni.searchengine.SearchEngine.DirectoryHandler : Status report before remove data directory.
2016-06-15 12:23:55.439 INFO com.fernuni.searchengine.SearchEngine.DirectoryHandler : Status report before remove data directory.
2016-06-15 12:23:55.440 INFO com.fernuni.searchengine.SearchEngine.DirectoryHandler : Status report was called.
2016-06-15 12:23:55.440 INFO com.fernuni.searchengine.SearchEngine.DirectoryHandler : Status report was called.
2016-06-15 12:23:55.440 INFO com.fernuni.searchengine.SearchEngine.DirectoryHandler : Reporting status...
======================
	Indexer is not NULL
	Index directory:null
	Data directory(s):
		/Users/Nut/Documents/internship
		/Users/Nut/Documents/internship/testsubjects
	Content is not stored.
	Pre content is stored.
	Preview content using 100 first words from the file
======================
2016-06-15 12:23:55.440 INFO com.fernuni.searchengine.SearchEngine.DirectoryHandler : Reporting status...
======================
	Indexer is not NULL
	Index directory:null
	Data directory(s):
		/Users/Nut/Documents/internship
		/Users/Nut/Documents/internship/testsubjects
	Content is not stored.
	Pre content is stored.
	Preview content using 100 first words from the file
======================
2016-06-15 12:23:55.441 FINE com.fernuni.searchengine.SearchEngine.DirectoryHandler : Following path has been removed: /Users/Nut/Documents/internship
2016-06-15 12:23:55.441 FINE com.fernuni.searchengine.SearchEngine.DirectoryHandler : Following path has been removed: /Users/Nut/Documents/internship
2016-06-15 12:23:55.441 INFO com.fernuni.searchengine.SearchEngine.DirectoryHandler : Status report was called.
2016-06-15 12:23:55.441 INFO com.fernuni.searchengine.SearchEngine.DirectoryHandler : Status report was called.
2016-06-15 12:23:55.442 INFO com.fernuni.searchengine.SearchEngine.DirectoryHandler : Reporting status...
======================
	Indexer is not NULL
	Index directory:null
	Data directory(s):
		/Users/Nut/Documents/internship/testsubjects
	Content is not stored.
	Pre content is stored.
	Preview content using 100 first words from the file
======================
2016-06-15 12:23:55.442 INFO com.fernuni.searchengine.SearchEngine.DirectoryHandler : Reporting status...
======================
	Indexer is not NULL
	Index directory:null
	Data directory(s):
		/Users/Nut/Documents/internship/testsubjects
	Content is not stored.
	Pre content is stored.
	Preview content using 100 first words from the file
======================
