<?xml version="1.0" encoding="UTF-8" standalone="no"?>
<!DOCTYPE log SYSTEM "logger.dtd">
<log>
<record>
  <date>2016-06-21T14:17:38</date>
  <millis>1466511458325</millis>
  <sequence>10</sequence>
  <logger>com.fernuni.searchengine.FileWatcher.WatchDir</logger>
  <level>INFO</level>
  <class>com.fernuni.searchengine.FileWatcher.WatchService</class>
  <method>&lt;init&gt;</method>
  <thread>23</thread>
  <message>Scanning /Users/Nut/Documents/internship/testsubjects ...</message>
</record>
<record>
  <date>2016-06-21T14:17:38</date>
  <millis>1466511458346</millis>
  <sequence>11</sequence>
  <logger>com.fernuni.searchengine.FileWatcher.WatchDir</logger>
  <level>INFO</level>
  <class>com.fernuni.searchengine.FileWatcher.WatchService</class>
  <method>&lt;init&gt;</method>
  <thread>23</thread>
  <message>Done.</message>
</record>
<record>
  <date>2016-06-21T14:19:08</date>
  <millis>1466511548355</millis>
  <sequence>12</sequence>
  <logger>com.fernuni.searchengine.FileWatcher.WatchDir</logger>
  <level>INFO</level>
  <class>com.fernuni.searchengine.FileWatcher.WatchService</class>
  <method>run</method>
  <thread>25</thread>
  <message>ENTRY_MODIFY: /Users/Nut/Documents/internship/testsubjects/.DS_Store</message>
</record>
<record>
  <date>2016-06-21T14:19:08</date>
  <millis>1466511548870</millis>
  <sequence>15</sequence>
  <logger>com.fernuni.searchengine.FileWatcher.WatchDir</logger>
  <level>INFO</level>
  <class>com.fernuni.searchengine.FileWatcher.WatchService</class>
  <method>run</method>
  <thread>25</thread>
  <message>ENTRY_DELETE: /Users/Nut/Documents/internship/testsubjects/OSPP (Volume 4 of 4)-2 copy 14.epub</message>
</record>
</log>
<?xml version="1.0" encoding="UTF-8" standalone="no"?>
<!DOCTYPE log SYSTEM "logger.dtd">
<log>
<record>
  <date>2016-06-21T14:21:07</date>
  <millis>1466511667652</millis>
  <sequence>10</sequence>
  <logger>com.fernuni.searchengine.FileWatcher.WatchDir</logger>
  <level>INFO</level>
  <class>com.fernuni.searchengine.FileWatcher.WatchService</class>
  <method>&lt;init&gt;</method>
  <thread>23</thread>
  <message>Scanning /Users/Nut/Documents/internship/testsubjects ...</message>
</record>
<record>
  <date>2016-06-21T14:21:07</date>
  <millis>1466511667661</millis>
  <sequence>11</sequence>
  <logger>com.fernuni.searchengine.FileWatcher.WatchDir</logger>
  <level>INFO</level>
  <class>com.fernuni.searchengine.FileWatcher.WatchService</class>
  <method>&lt;init&gt;</method>
  <thread>23</thread>
  <message>Done.</message>
</record>
<record>
  <date>2016-06-21T14:21:37</date>
  <millis>1466511697662</millis>
  <sequence>15</sequence>
  <logger>com.fernuni.searchengine.FileWatcher.WatchDir</logger>
  <level>INFO</level>
  <class>com.fernuni.searchengine.FileWatcher.WatchService</class>
  <method>run</method>
  <thread>25</thread>
  <message>ENTRY_MODIFY: /Users/Nut/Documents/internship/testsubjects/.DS_Store</message>
</record>
<record>
  <date>2016-06-21T14:21:37</date>
  <millis>1466511697672</millis>
  <sequence>16</sequence>
  <logger>com.fernuni.searchengine.FileWatcher.WatchDir</logger>
  <level>INFO</level>
  <class>com.fernuni.searchengine.FileWatcher.WatchService</class>
  <method>run</method>
  <thread>25</thread>
  <message>ENTRY_DELETE: /Users/Nut/Documents/internship/testsubjects/j_winut copy.txt</message>
</record>
<record>
  <date>2016-06-21T14:21:47</date>
  <millis>1466511707661</millis>
  <sequence>24</sequence>
  <logger>com.fernuni.searchengine.FileWatcher.WatchDir</logger>
  <level>INFO</level>
  <class>com.fernuni.searchengine.FileWatcher.WatchService</class>
  <method>run</method>
  <thread>25</thread>
  <message>ENTRY_MODIFY: /Users/Nut/Documents/internship/testsubjects/.DS_Store</message>
</record>
<record>
  <date>2016-06-21T14:22:17</date>
  <millis>1466511737667</millis>
  <sequence>42</sequence>
  <logger>com.fernuni.searchengine.FileWatcher.WatchDir</logger>
  <level>INFO</level>
  <class>com.fernuni.searchengine.FileWatcher.WatchService</class>
  <method>run</method>
  <thread>25</thread>
  <message>ENTRY_MODIFY: /Users/Nut/Documents/internship/testsubjects/.DS_Store</message>
</record>
<record>
  <date>2016-06-21T14:22:17</date>
  <millis>1466511737677</millis>
  <sequence>43</sequence>
  <logger>com.fernuni.searchengine.FileWatcher.WatchDir</logger>
  <level>INFO</level>
  <class>com.fernuni.searchengine.FileWatcher.WatchService</class>
  <method>run</method>
  <thread>25</thread>
  <message>ENTRY_CREATE: /Users/Nut/Documents/internship/testsubjects/j_winut copy.txt</message>
</record>
</log>
<?xml version="1.0" encoding="UTF-8" standalone="no"?>
<!DOCTYPE log SYSTEM "logger.dtd">
<log>
<record>
  <date>2016-06-21T14:24:01</date>
  <millis>1466511841098</millis>
  <sequence>7</sequence>
  <logger>com.fernuni.searchengine.FileWatcher.WatchDir</logger>
  <level>INFO</level>
  <class>com.fernuni.searchengine.FileWatcher.WatchService</class>
  <method>&lt;init&gt;</method>
  <thread>22</thread>
  <message>Scanning /Users/Nut/Documents/internship/testsubjects ...</message>
</record>
<record>
  <date>2016-06-21T14:24:01</date>
  <millis>1466511841105</millis>
  <sequence>8</sequence>
  <logger>com.fernuni.searchengine.FileWatcher.WatchDir</logger>
  <level>INFO</level>
  <class>com.fernuni.searchengine.FileWatcher.WatchService</class>
  <method>&lt;init&gt;</method>
  <thread>22</thread>
  <message>Done.</message>
</record>
<record>
  <date>2016-06-21T14:24:41</date>
  <millis>1466511881107</millis>
  <sequence>35</sequence>
  <logger>com.fernuni.searchengine.FileWatcher.WatchDir</logger>
  <level>INFO</level>
  <class>com.fernuni.searchengine.FileWatcher.WatchService</class>
  <method>run</method>
  <thread>24</thread>
  <message>ENTRY_CREATE: /Users/Nut/Documents/internship/testsubjects/j_winut copy 2.txt</message>
</record>
<record>
  <date>2016-06-21T14:24:51</date>
  <millis>1466511891108</millis>
  <sequence>46</sequence>
  <logger>com.fernuni.searchengine.FileWatcher.WatchDir</logger>
  <level>INFO</level>
  <class>com.fernuni.searchengine.FileWatcher.WatchService</class>
  <method>run</method>
  <thread>24</thread>
  <message>ENTRY_MODIFY: /Users/Nut/Documents/internship/testsubjects/.DS_Store</message>
</record>
<record>
  <date>2016-06-21T14:26:21</date>
  <millis>1466511981111</millis>
  <sequence>47</sequence>
  <logger>com.fernuni.searchengine.FileWatcher.WatchDir</logger>
  <level>INFO</level>
  <class>com.fernuni.searchengine.FileWatcher.WatchService</class>
  <method>run</method>
  <thread>24</thread>
  <message>ENTRY_MODIFY: /Users/Nut/Documents/internship/testsubjects/.DS_Store</message>
</record>
<record>
  <date>2016-06-21T14:26:21</date>
  <millis>1466511981120</millis>
  <sequence>48</sequence>
  <logger>com.fernuni.searchengine.FileWatcher.WatchDir</logger>
  <level>INFO</level>
  <class>com.fernuni.searchengine.FileWatcher.WatchService</class>
  <method>run</method>
  <thread>24</thread>
  <message>ENTRY_CREATE: /Users/Nut/Documents/internship/testsubjects/j_winut copy 3.txt</message>
</record>
<record>
  <date>2016-06-21T14:26:21</date>
  <millis>1466511981182</millis>
  <sequence>50</sequence>
  <logger>com.fernuni.searchengine.FileWatcher.WatchDir</logger>
  <level>INFO</level>
  <class>com.fernuni.searchengine.FileWatcher.WatchService</class>
  <method>run</method>
  <thread>24</thread>
  <message>ENTRY_CREATE: /Users/Nut/Documents/internship/testsubjects/j_winut copy 4.txt</message>
</record>
<record>
  <date>2016-06-21T14:26:21</date>
  <millis>1466511981219</millis>
  <sequence>52</sequence>
  <logger>com.fernuni.searchengine.FileWatcher.WatchDir</logger>
  <level>INFO</level>
  <class>com.fernuni.searchengine.FileWatcher.WatchService</class>
  <method>run</method>
  <thread>24</thread>
  <message>ENTRY_CREATE: /Users/Nut/Documents/internship/testsubjects/j_winut copy 5.txt</message>
</record>
</log>
<?xml version="1.0" encoding="UTF-8" standalone="no"?>
<!DOCTYPE log SYSTEM "logger.dtd">
<log>
<record>
  <date>2016-06-21T14:49:25</date>
  <millis>1466513365455</millis>
  <sequence>7</sequence>
  <logger>com.fernuni.searchengine.FileWatcher.WatchDir</logger>
  <level>INFO</level>
  <class>com.fernuni.searchengine.FileWatcher.WatchService</class>
  <method>&lt;init&gt;</method>
  <thread>22</thread>
  <message>Scanning /Users/Nut/Documents/internship/testsubjects ...</message>
</record>
<record>
  <date>2016-06-21T14:49:25</date>
  <millis>1466513365466</millis>
  <sequence>8</sequence>
  <logger>com.fernuni.searchengine.FileWatcher.WatchDir</logger>
  <level>INFO</level>
  <class>com.fernuni.searchengine.FileWatcher.WatchService</class>
  <method>&lt;init&gt;</method>
  <thread>22</thread>
  <message>Done.</message>
</record>
<record>
  <date>2016-06-21T14:50:15</date>
  <millis>1466513415471</millis>
  <sequence>43</sequence>
  <logger>com.fernuni.searchengine.FileWatcher.WatchDir</logger>
  <level>INFO</level>
  <class>com.fernuni.searchengine.FileWatcher.WatchService</class>
  <method>run</method>
  <thread>24</thread>
  <message>ENTRY_DELETE: /Users/Nut/Documents/internship/testsubjects/j_winut copy 5.txt</message>
</record>
<record>
  <date>2016-06-21T14:51:35</date>
  <millis>1466513495474</millis>
  <sequence>57</sequence>
  <logger>com.fernuni.searchengine.FileWatcher.WatchDir</logger>
  <level>INFO</level>
  <class>com.fernuni.searchengine.FileWatcher.WatchService</class>
  <method>run</method>
  <thread>24</thread>
  <message>ENTRY_MODIFY: /Users/Nut/Documents/internship/testsubjects/.DS_Store</message>
</record>
<record>
  <date>2016-06-21T14:51:35</date>
  <millis>1466513495475</millis>
  <sequence>58</sequence>
  <logger>com.fernuni.searchengine.FileWatcher.WatchDir</logger>
  <level>INFO</level>
  <class>com.fernuni.searchengine.FileWatcher.WatchService</class>
  <method>run</method>
  <thread>24</thread>
  <message>ENTRY_DELETE: /Users/Nut/Documents/internship/testsubjects/j_winut copy 3.txt</message>
</record>
<record>
  <date>2016-06-21T14:51:35</date>
  <millis>1466513495493</millis>
  <sequence>60</sequence>
  <logger>com.fernuni.searchengine.FileWatcher.WatchDir</logger>
  <level>INFO</level>
  <class>com.fernuni.searchengine.FileWatcher.WatchService</class>
  <method>run</method>
  <thread>24</thread>
  <message>ENTRY_DELETE: /Users/Nut/Documents/internship/testsubjects/j_winut copy 4.txt</message>
</record>
<record>
  <date>2016-06-21T14:51:35</date>
  <millis>1466513495499</millis>
  <sequence>62</sequence>
  <logger>com.fernuni.searchengine.FileWatcher.WatchDir</logger>
  <level>INFO</level>
  <class>com.fernuni.searchengine.FileWatcher.WatchService</class>
  <method>run</method>
  <thread>24</thread>
  <message>ENTRY_DELETE: /Users/Nut/Documents/internship/testsubjects/j_winut copy 2.txt</message>
</record>
</log>
<?xml version="1.0" encoding="UTF-8" standalone="no"?>
<!DOCTYPE log SYSTEM "logger.dtd">
<log>
<record>
  <date>2016-06-21T15:37:52</date>
  <millis>1466516272417</millis>
  <sequence>7</sequence>
  <logger>com.fernuni.searchengine.FileWatcher.WatchDir</logger>
  <level>INFO</level>
  <class>com.fernuni.searchengine.FileWatcher.WatchService</class>
  <method>&lt;init&gt;</method>
  <thread>22</thread>
  <message>Scanning /Users/Nut/Documents/internship/testsubjects ...</message>
</record>
<record>
  <date>2016-06-21T15:37:52</date>
  <millis>1466516272427</millis>
  <sequence>8</sequence>
  <logger>com.fernuni.searchengine.FileWatcher.WatchDir</logger>
  <level>INFO</level>
  <class>com.fernuni.searchengine.FileWatcher.WatchService</class>
  <method>&lt;init&gt;</method>
  <thread>22</thread>
  <message>Done.</message>
</record>
<record>
  <date>2016-06-21T15:38:22</date>
  <millis>1466516302433</millis>
  <sequence>35</sequence>
  <logger>com.fernuni.searchengine.FileWatcher.WatchDir</logger>
  <level>INFO</level>
  <class>com.fernuni.searchengine.FileWatcher.WatchService</class>
  <method>run</method>
  <thread>24</thread>
  <message>ENTRY_CREATE: /Users/Nut/Documents/internship/testsubjects/j_winut copy 2.txt</message>
</record>
<record>
  <date>2016-06-21T15:38:32</date>
  <millis>1466516312429</millis>
  <sequence>47</sequence>
  <logger>com.fernuni.searchengine.FileWatcher.WatchDir</logger>
  <level>INFO</level>
  <class>com.fernuni.searchengine.FileWatcher.WatchService</class>
  <method>run</method>
  <thread>24</thread>
  <message>ENTRY_MODIFY: /Users/Nut/Documents/internship/testsubjects/.DS_Store</message>
</record>
<record>
  <date>2016-06-21T15:38:42</date>
  <millis>1466516322432</millis>
  <sequence>48</sequence>
  <logger>com.fernuni.searchengine.FileWatcher.WatchDir</logger>
  <level>INFO</level>
  <class>com.fernuni.searchengine.FileWatcher.WatchService</class>
  <method>run</method>
  <thread>24</thread>
  <message>ENTRY_MODIFY: /Users/Nut/Documents/internship/testsubjects/.DS_Store</message>
</record>
<record>
  <date>2016-06-21T15:38:42</date>
  <millis>1466516322432</millis>
  <sequence>49</sequence>
  <logger>com.fernuni.searchengine.FileWatcher.WatchDir</logger>
  <level>INFO</level>
  <class>com.fernuni.searchengine.FileWatcher.WatchService</class>
  <method>run</method>
  <thread>24</thread>
  <message>ENTRY_DELETE: /Users/Nut/Documents/internship/testsubjects/j_winut copy 2.txt</message>
</record>
<record>
  <date>2016-06-21T20:54:53</date>
  <millis>1466535293357</millis>
  <sequence>60</sequence>
  <logger>com.fernuni.searchengine.FileWatcher.WatchDir</logger>
  <level>INFO</level>
  <class>com.fernuni.searchengine.FileWatcher.WatchService</class>
  <method>run</method>
  <thread>24</thread>
  <message>ENTRY_CREATE: /Users/Nut/Documents/internship/testsubjects/j_winut copy 2.txt</message>
</record>
<record>
  <date>2016-06-21T20:55:13</date>
  <millis>1466535313331</millis>
  <sequence>63</sequence>
  <logger>com.fernuni.searchengine.FileWatcher.WatchDir</logger>
  <level>INFO</level>
  <class>com.fernuni.searchengine.FileWatcher.WatchService</class>
  <method>run</method>
  <thread>24</thread>
  <message>ENTRY_MODIFY: /Users/Nut/Documents/internship/testsubjects/.DS_Store</message>
</record>
<record>
  <date>2016-06-21T20:55:13</date>
  <millis>1466535313340</millis>
  <sequence>64</sequence>
  <logger>com.fernuni.searchengine.FileWatcher.WatchDir</logger>
  <level>INFO</level>
  <class>com.fernuni.searchengine.FileWatcher.WatchService</class>
  <method>run</method>
  <thread>24</thread>
  <message>ENTRY_DELETE: /Users/Nut/Documents/internship/testsubjects/j_winut copy 2.txt</message>
</record>
</log>
<?xml version="1.0" encoding="UTF-8" standalone="no"?>
<!DOCTYPE log SYSTEM "logger.dtd">
<log>
<record>
  <date>2016-06-21T21:01:19</date>
  <millis>1466535679719</millis>
  <sequence>7</sequence>
  <logger>com.fernuni.searchengine.FileWatcher.WatchDir</logger>
  <level>INFO</level>
  <class>com.fernuni.searchengine.FileWatcher.WatchService</class>
  <method>&lt;init&gt;</method>
  <thread>22</thread>
  <message>Scanning /Users/Nut/Documents/internship/testsubjects ...</message>
</record>
<record>
  <date>2016-06-21T21:01:19</date>
  <millis>1466535679733</millis>
  <sequence>8</sequence>
  <logger>com.fernuni.searchengine.FileWatcher.WatchDir</logger>
  <level>INFO</level>
  <class>com.fernuni.searchengine.FileWatcher.WatchService</class>
  <method>&lt;init&gt;</method>
  <thread>22</thread>
  <message>Done.</message>
</record>
<record>
  <date>2016-06-21T21:01:39</date>
  <millis>1466535699738</millis>
  <sequence>27</sequence>
  <logger>com.fernuni.searchengine.FileWatcher.WatchDir</logger>
  <level>INFO</level>
  <class>com.fernuni.searchengine.FileWatcher.WatchService</class>
  <method>run</method>
  <thread>24</thread>
  <message>ENTRY_CREATE: /Users/Nut/Documents/internship/testsubjects/j_winut copy 2.txt</message>
</record>
<record>
  <date>2016-06-21T21:03:39</date>
  <millis>1466535819742</millis>
  <sequence>30</sequence>
  <logger>com.fernuni.searchengine.FileWatcher.WatchDir</logger>
  <level>INFO</level>
  <class>com.fernuni.searchengine.FileWatcher.WatchService</class>
  <method>run</method>
  <thread>24</thread>
  <message>ENTRY_DELETE: /Users/Nut/Documents/internship/testsubjects/j_winut copy 2.txt</message>
</record>
<record>
  <date>2016-06-21T21:03:49</date>
  <millis>1466535829735</millis>
  <sequence>32</sequence>
  <logger>com.fernuni.searchengine.FileWatcher.WatchDir</logger>
  <level>INFO</level>
  <class>com.fernuni.searchengine.FileWatcher.WatchService</class>
  <method>run</method>
  <thread>24</thread>
  <message>ENTRY_MODIFY: /Users/Nut/Documents/internship/testsubjects/.DS_Store</message>
</record>
<record>
  <date>2016-06-21T21:03:59</date>
  <millis>1466535839739</millis>
  <sequence>33</sequence>
  <logger>com.fernuni.searchengine.FileWatcher.WatchDir</logger>
  <level>INFO</level>
  <class>com.fernuni.searchengine.FileWatcher.WatchService</class>
  <method>run</method>
  <thread>24</thread>
  <message>ENTRY_MODIFY: /Users/Nut/Documents/internship/testsubjects/.DS_Store</message>
</record>
<record>
  <date>2016-06-21T21:03:59</date>
  <millis>1466535839748</millis>
  <sequence>34</sequence>
  <logger>com.fernuni.searchengine.FileWatcher.WatchDir</logger>
  <level>INFO</level>
  <class>com.fernuni.searchengine.FileWatcher.WatchService</class>
  <method>run</method>
  <thread>24</thread>
  <message>ENTRY_DELETE: /Users/Nut/Documents/internship/testsubjects/j_winut.txt</message>
</record>
<record>
  <date>2016-06-21T21:04:39</date>
  <millis>1466535879740</millis>
  <sequence>36</sequence>
  <logger>com.fernuni.searchengine.FileWatcher.WatchDir</logger>
  <level>INFO</level>
  <class>com.fernuni.searchengine.FileWatcher.WatchService</class>
  <method>run</method>
  <thread>24</thread>
  <message>ENTRY_CREATE: /Users/Nut/Documents/internship/testsubjects/j_winut.txt</message>
</record>
<record>
  <date>2016-06-21T21:04:39</date>
  <millis>1466535879855</millis>
  <sequence>39</sequence>
  <logger>com.fernuni.searchengine.FileWatcher.WatchDir</logger>
  <level>INFO</level>
  <class>com.fernuni.searchengine.FileWatcher.WatchService</class>
  <method>run</method>
  <thread>24</thread>
  <message>ENTRY_DELETE: /Users/Nut/Documents/internship/testsubjects/j_winut copy.txt</message>
</record>
</log>
<?xml version="1.0" encoding="UTF-8" standalone="no"?>
<!DOCTYPE log SYSTEM "logger.dtd">
<log>
<record>
  <date>2016-06-21T21:42:31</date>
  <millis>1466538151095</millis>
  <sequence>7</sequence>
  <logger>com.fernuni.searchengine.FileWatcher.WatchDir</logger>
  <level>INFO</level>
  <class>com.fernuni.searchengine.FileWatcher.WatchService</class>
  <method>&lt;init&gt;</method>
  <thread>22</thread>
  <message>Scanning /Users/Nut/Documents/internship/testsubjects ...</message>
</record>
<record>
  <date>2016-06-21T21:42:31</date>
  <millis>1466538151109</millis>
  <sequence>8</sequence>
  <logger>com.fernuni.searchengine.FileWatcher.WatchDir</logger>
  <level>INFO</level>
  <class>com.fernuni.searchengine.FileWatcher.WatchService</class>
  <method>&lt;init&gt;</method>
  <thread>22</thread>
  <message>Done.</message>
</record>
<record>
  <date>2016-06-21T21:43:21</date>
  <millis>1466538201116</millis>
  <sequence>26</sequence>
  <logger>com.fernuni.searchengine.FileWatcher.WatchDir</logger>
  <level>INFO</level>
  <class>com.fernuni.searchengine.FileWatcher.WatchService</class>
  <method>run</method>
  <thread>24</thread>
  <message>ENTRY_MODIFY: /Users/Nut/Documents/internship/testsubjects/.DS_Store</message>
</record>
<record>
  <date>2016-06-21T21:43:21</date>
  <millis>1466538201126</millis>
  <sequence>27</sequence>
  <logger>com.fernuni.searchengine.FileWatcher.WatchDir</logger>
  <level>INFO</level>
  <class>com.fernuni.searchengine.FileWatcher.WatchService</class>
  <method>run</method>
  <thread>24</thread>
  <message>ENTRY_CREATE: /Users/Nut/Documents/internship/testsubjects/j_winut copy.txt</message>
</record>
<record>
  <date>2016-06-21T21:43:31</date>
  <millis>1466538211115</millis>
  <sequence>30</sequence>
  <logger>com.fernuni.searchengine.FileWatcher.WatchDir</logger>
  <level>INFO</level>
  <class>com.fernuni.searchengine.FileWatcher.WatchService</class>
  <method>run</method>
  <thread>24</thread>
  <message>ENTRY_MODIFY: /Users/Nut/Documents/internship/testsubjects/.DS_Store</message>
</record>
<record>
  <date>2016-06-21T21:43:31</date>
  <millis>1466538211116</millis>
  <sequence>31</sequence>
  <logger>com.fernuni.searchengine.FileWatcher.WatchDir</logger>
  <level>INFO</level>
  <class>com.fernuni.searchengine.FileWatcher.WatchService</class>
  <method>run</method>
  <thread>24</thread>
  <message>ENTRY_DELETE: /Users/Nut/Documents/internship/testsubjects/j_winut copy.txt</message>
</record>
<record>
  <date>2016-06-21T21:43:41</date>
  <millis>1466538221116</millis>
  <sequence>33</sequence>
  <logger>com.fernuni.searchengine.FileWatcher.WatchDir</logger>
  <level>INFO</level>
  <class>com.fernuni.searchengine.FileWatcher.WatchService</class>
  <method>run</method>
  <thread>24</thread>
  <message>ENTRY_MODIFY: /Users/Nut/Documents/internship/testsubjects/.DS_Store</message>
</record>
<record>
  <date>2016-06-21T21:44:41</date>
  <millis>1466538281114</millis>
  <sequence>34</sequence>
  <logger>com.fernuni.searchengine.FileWatcher.WatchDir</logger>
  <level>INFO</level>
  <class>com.fernuni.searchengine.FileWatcher.WatchService</class>
  <method>run</method>
  <thread>24</thread>
  <message>ENTRY_CREATE: /Users/Nut/Documents/internship/testsubjects/j_winut copy.txt</message>
</record>
<record>
  <date>2016-06-21T21:44:51</date>
  <millis>1466538291117</millis>
  <sequence>37</sequence>
  <logger>com.fernuni.searchengine.FileWatcher.WatchDir</logger>
  <level>INFO</level>
  <class>com.fernuni.searchengine.FileWatcher.WatchService</class>
  <method>run</method>
  <thread>24</thread>
  <message>ENTRY_MODIFY: /Users/Nut/Documents/internship/testsubjects/.DS_Store</message>
</record>
<record>
  <date>2016-06-21T21:45:01</date>
  <millis>1466538301115</millis>
  <sequence>38</sequence>
  <logger>com.fernuni.searchengine.FileWatcher.WatchDir</logger>
  <level>INFO</level>
  <class>com.fernuni.searchengine.FileWatcher.WatchService</class>
  <method>run</method>
  <thread>24</thread>
  <message>ENTRY_MODIFY: /Users/Nut/Documents/internship/testsubjects/.DS_Store</message>
</record>
<record>
  <date>2016-06-21T21:45:01</date>
  <millis>1466538301125</millis>
  <sequence>39</sequence>
  <logger>com.fernuni.searchengine.FileWatcher.WatchDir</logger>
  <level>INFO</level>
  <class>com.fernuni.searchengine.FileWatcher.WatchService</class>
  <method>run</method>
  <thread>24</thread>
  <message>ENTRY_DELETE: /Users/Nut/Documents/internship/testsubjects/j_winut copy.txt</message>
</record>
</log>
<?xml version="1.0" encoding="UTF-8" standalone="no"?>
<!DOCTYPE log SYSTEM "logger.dtd">
<log>
<record>
  <date>2016-06-21T21:57:09</date>
  <millis>1466539029454</millis>
  <sequence>7</sequence>
  <logger>com.fernuni.searchengine.FileWatcher.WatchDir</logger>
  <level>INFO</level>
  <class>com.fernuni.searchengine.FileWatcher.WatchService</class>
  <method>&lt;init&gt;</method>
  <thread>22</thread>
  <message>Scanning /Users/Nut/Documents/internship/testsubjects ...</message>
</record>
<record>
  <date>2016-06-21T21:57:09</date>
  <millis>1466539029463</millis>
  <sequence>8</sequence>
  <logger>com.fernuni.searchengine.FileWatcher.WatchDir</logger>
  <level>INFO</level>
  <class>com.fernuni.searchengine.FileWatcher.WatchService</class>
  <method>&lt;init&gt;</method>
  <thread>22</thread>
  <message>Done.</message>
</record>
<record>
  <date>2016-06-21T21:57:29</date>
  <millis>1466539049464</millis>
  <sequence>26</sequence>
  <logger>com.fernuni.searchengine.FileWatcher.WatchDir</logger>
  <level>INFO</level>
  <class>com.fernuni.searchengine.FileWatcher.WatchService</class>
  <method>run</method>
  <thread>24</thread>
  <message>ENTRY_MODIFY: /Users/Nut/Documents/internship/testsubjects/.DS_Store</message>
</record>
<record>
  <date>2016-06-21T21:57:29</date>
  <millis>1466539049466</millis>
  <sequence>27</sequence>
  <logger>com.fernuni.searchengine.FileWatcher.WatchDir</logger>
  <level>INFO</level>
  <class>com.fernuni.searchengine.FileWatcher.WatchService</class>
  <method>run</method>
  <thread>24</thread>
  <message>ENTRY_CREATE: /Users/Nut/Documents/internship/testsubjects/j_winut copy.txt</message>
</record>
<record>
  <date>2016-06-21T21:57:59</date>
  <millis>1466539079467</millis>
  <sequence>30</sequence>
  <logger>com.fernuni.searchengine.FileWatcher.WatchDir</logger>
  <level>INFO</level>
  <class>com.fernuni.searchengine.FileWatcher.WatchService</class>
  <method>run</method>
  <thread>24</thread>
  <message>ENTRY_DELETE: /Users/Nut/Documents/internship/testsubjects/j_winut copy.txt</message>
</record>
<record>
  <date>2016-06-21T21:58:09</date>
  <millis>1466539089469</millis>
  <sequence>32</sequence>
  <logger>com.fernuni.searchengine.FileWatcher.WatchDir</logger>
  <level>INFO</level>
  <class>com.fernuni.searchengine.FileWatcher.WatchService</class>
  <method>run</method>
  <thread>24</thread>
  <message>ENTRY_MODIFY: /Users/Nut/Documents/internship/testsubjects/.DS_Store</message>
</record>
<record>
  <date>2016-06-21T21:58:56</date>
  <millis>1466539136214</millis>
  <sequence>37</sequence>
  <logger>com.fernuni.searchengine.FileWatcher.WatchDir</logger>
  <level>INFO</level>
  <class>com.fernuni.searchengine.FileWatcher.WatchService</class>
  <method>kill</method>
  <thread>31</thread>
  <message>Stopping WatchService...</message>
</record>
</log>
<?xml version="1.0" encoding="UTF-8" standalone="no"?>
<!DOCTYPE log SYSTEM "logger.dtd">
<log>
<record>
  <date>2016-06-21T22:03:23</date>
  <millis>1466539403970</millis>
  <sequence>7</sequence>
  <logger>com.fernuni.searchengine.FileWatcher.WatchDir</logger>
  <level>INFO</level>
  <class>com.fernuni.searchengine.FileWatcher.WatchService</class>
  <method>&lt;init&gt;</method>
  <thread>22</thread>
  <message>Scanning /Users/Nut/Documents/internship/testsubjects ...</message>
</record>
<record>
  <date>2016-06-21T22:03:23</date>
  <millis>1466539403976</millis>
  <sequence>8</sequence>
  <logger>com.fernuni.searchengine.FileWatcher.WatchDir</logger>
  <level>INFO</level>
  <class>com.fernuni.searchengine.FileWatcher.WatchService</class>
  <method>&lt;init&gt;</method>
  <thread>22</thread>
  <message>Done.</message>
</record>
</log>
<?xml version="1.0" encoding="UTF-8" standalone="no"?>
<!DOCTYPE log SYSTEM "logger.dtd">
<log>
<record>
  <date>2016-06-21T22:06:29</date>
  <millis>1466539589444</millis>
  <sequence>7</sequence>
  <logger>com.fernuni.searchengine.FileWatcher.WatchDir</logger>
  <level>INFO</level>
  <class>com.fernuni.searchengine.FileWatcher.WatchService</class>
  <method>&lt;init&gt;</method>
  <thread>22</thread>
  <message>Scanning /Users/Nut/Documents/internship/testsubjects ...</message>
</record>
<record>
  <date>2016-06-21T22:06:29</date>
  <millis>1466539589454</millis>
  <sequence>8</sequence>
  <logger>com.fernuni.searchengine.FileWatcher.WatchDir</logger>
  <level>INFO</level>
  <class>com.fernuni.searchengine.FileWatcher.WatchService</class>
  <method>&lt;init&gt;</method>
  <thread>22</thread>
  <message>Done.</message>
</record>
<record>
  <date>2016-06-21T22:07:19</date>
  <millis>1466539639461</millis>
  <sequence>33</sequence>
  <logger>com.fernuni.searchengine.FileWatcher.WatchDir</logger>
  <level>INFO</level>
  <class>com.fernuni.searchengine.FileWatcher.WatchService</class>
  <method>run</method>
  <thread>24</thread>
  <message>ENTRY_CREATE: /Users/Nut/Documents/internship/testsubjects/j_winut copy.txt</message>
</record>
<record>
  <date>2016-06-21T22:07:29</date>
  <millis>1466539649460</millis>
  <sequence>44</sequence>
  <logger>com.fernuni.searchengine.FileWatcher.WatchDir</logger>
  <level>INFO</level>
  <class>com.fernuni.searchengine.FileWatcher.WatchService</class>
  <method>run</method>
  <thread>24</thread>
  <message>ENTRY_MODIFY: /Users/Nut/Documents/internship/testsubjects/.DS_Store</message>
</record>
<record>
  <date>2016-06-21T22:07:29</date>
  <millis>1466539649461</millis>
  <sequence>45</sequence>
  <logger>com.fernuni.searchengine.FileWatcher.WatchDir</logger>
  <level>INFO</level>
  <class>com.fernuni.searchengine.FileWatcher.WatchService</class>
  <method>run</method>
  <thread>24</thread>
  <message>ENTRY_DELETE: /Users/Nut/Documents/internship/testsubjects/j_winut copy.txt</message>
</record>
<record>
  <date>2016-06-21T22:07:39</date>
  <millis>1466539659459</millis>
  <sequence>48</sequence>
  <logger>com.fernuni.searchengine.FileWatcher.WatchDir</logger>
  <level>INFO</level>
  <class>com.fernuni.searchengine.FileWatcher.WatchService</class>
  <method>run</method>
  <thread>24</thread>
  <message>ENTRY_MODIFY: /Users/Nut/Documents/internship/testsubjects/.DS_Store</message>
</record>
</log>
<?xml version="1.0" encoding="UTF-8" standalone="no"?>
<!DOCTYPE log SYSTEM "logger.dtd">
<log>
<record>
  <date>2016-06-21T22:10:41</date>
  <millis>1466539841486</millis>
  <sequence>7</sequence>
  <logger>com.fernuni.searchengine.FileWatcher.WatchDir</logger>
  <level>INFO</level>
  <class>com.fernuni.searchengine.FileWatcher.WatchService</class>
  <method>&lt;init&gt;</method>
  <thread>22</thread>
  <message>Scanning /Users/Nut/Documents/internship/testsubjects ...</message>
</record>
<record>
  <date>2016-06-21T22:10:41</date>
  <millis>1466539841496</millis>
  <sequence>8</sequence>
  <logger>com.fernuni.searchengine.FileWatcher.WatchDir</logger>
  <level>INFO</level>
  <class>com.fernuni.searchengine.FileWatcher.WatchService</class>
  <method>&lt;init&gt;</method>
  <thread>22</thread>
  <message>Done.</message>
</record>
<record>
  <date>2016-06-21T22:11:01</date>
  <millis>1466539861502</millis>
  <sequence>26</sequence>
  <logger>com.fernuni.searchengine.FileWatcher.WatchDir</logger>
  <level>INFO</level>
  <class>com.fernuni.searchengine.FileWatcher.WatchService</class>
  <method>run</method>
  <thread>24</thread>
  <message>ENTRY_MODIFY: /Users/Nut/Documents/internship/testsubjects/.DS_Store</message>
</record>
<record>
  <date>2016-06-21T22:11:01</date>
  <millis>1466539861504</millis>
  <sequence>27</sequence>
  <logger>com.fernuni.searchengine.FileWatcher.WatchDir</logger>
  <level>INFO</level>
  <class>com.fernuni.searchengine.FileWatcher.WatchService</class>
  <method>run</method>
  <thread>24</thread>
  <message>ENTRY_CREATE: /Users/Nut/Documents/internship/testsubjects/j_winut copy.txt</message>
</record>
<record>
  <date>2016-06-21T22:11:21</date>
  <millis>1466539881502</millis>
  <sequence>38</sequence>
  <logger>com.fernuni.searchengine.FileWatcher.WatchDir</logger>
  <level>INFO</level>
  <class>com.fernuni.searchengine.FileWatcher.WatchService</class>
  <method>run</method>
  <thread>24</thread>
  <message>ENTRY_MODIFY: /Users/Nut/Documents/internship/testsubjects/.DS_Store</message>
</record>
<record>
  <date>2016-06-21T22:11:21</date>
  <millis>1466539881503</millis>
  <sequence>39</sequence>
  <logger>com.fernuni.searchengine.FileWatcher.WatchDir</logger>
  <level>INFO</level>
  <class>com.fernuni.searchengine.FileWatcher.WatchService</class>
  <method>run</method>
  <thread>24</thread>
  <message>ENTRY_DELETE: /Users/Nut/Documents/internship/testsubjects/j_winut copy.txt</message>
</record>
</log>
<?xml version="1.0" encoding="UTF-8" standalone="no"?>
<!DOCTYPE log SYSTEM "logger.dtd">
<log>
<record>
  <date>2016-06-21T22:54:15</date>
  <millis>1466542455868</millis>
  <sequence>7</sequence>
  <logger>com.fernuni.searchengine.FileWatcher.WatchDir</logger>
  <level>INFO</level>
  <class>com.fernuni.searchengine.FileWatcher.WatchService</class>
  <method>&lt;init&gt;</method>
  <thread>22</thread>
  <message>Scanning /Users/Nut/Documents/internship/testsubjects ...</message>
</record>
<record>
  <date>2016-06-21T22:54:15</date>
  <millis>1466542455874</millis>
  <sequence>8</sequence>
  <logger>com.fernuni.searchengine.FileWatcher.WatchDir</logger>
  <level>INFO</level>
  <class>com.fernuni.searchengine.FileWatcher.WatchService</class>
  <method>&lt;init&gt;</method>
  <thread>22</thread>
  <message>Done.</message>
</record>
<record>
  <date>2016-06-21T22:54:45</date>
  <millis>1466542485880</millis>
  <sequence>26</sequence>
  <logger>com.fernuni.searchengine.FileWatcher.WatchDir</logger>
  <level>INFO</level>
  <class>com.fernuni.searchengine.FileWatcher.WatchService</class>
  <method>run</method>
  <thread>24</thread>
  <message>ENTRY_CREATE: /Users/Nut/Documents/internship/testsubjects/j_winut copy.txt</message>
</record>
<record>
  <date>2016-06-21T22:54:55</date>
  <millis>1466542495876</millis>
  <sequence>29</sequence>
  <logger>com.fernuni.searchengine.FileWatcher.WatchDir</logger>
  <level>INFO</level>
  <class>com.fernuni.searchengine.FileWatcher.WatchService</class>
  <method>run</method>
  <thread>24</thread>
  <message>ENTRY_MODIFY: /Users/Nut/Documents/internship/testsubjects/.DS_Store</message>
</record>
<record>
  <date>2016-06-21T22:54:55</date>
  <millis>1466542495877</millis>
  <sequence>30</sequence>
  <logger>com.fernuni.searchengine.FileWatcher.WatchDir</logger>
  <level>INFO</level>
  <class>com.fernuni.searchengine.FileWatcher.WatchService</class>
  <method>run</method>
  <thread>24</thread>
  <message>ENTRY_DELETE: /Users/Nut/Documents/internship/testsubjects/j_winut copy.txt</message>
</record>
<record>
  <date>2016-06-21T22:56:15</date>
  <millis>1466542575881</millis>
  <sequence>32</sequence>
  <logger>com.fernuni.searchengine.FileWatcher.WatchDir</logger>
  <level>INFO</level>
  <class>com.fernuni.searchengine.FileWatcher.WatchService</class>
  <method>run</method>
  <thread>24</thread>
  <message>ENTRY_MODIFY: /Users/Nut/Documents/internship/testsubjects/.DS_Store</message>
</record>
<record>
  <date>2016-06-21T22:56:15</date>
  <millis>1466542575890</millis>
  <sequence>33</sequence>
  <logger>com.fernuni.searchengine.FileWatcher.WatchDir</logger>
  <level>INFO</level>
  <class>com.fernuni.searchengine.FileWatcher.WatchService</class>
  <method>run</method>
  <thread>24</thread>
  <message>ENTRY_CREATE: /Users/Nut/Documents/internship/testsubjects/j_winut copy.txt</message>
</record>
<record>
  <date>2016-06-21T22:56:25</date>
  <millis>1466542585879</millis>
  <sequence>36</sequence>
  <logger>com.fernuni.searchengine.FileWatcher.WatchDir</logger>
  <level>INFO</level>
  <class>com.fernuni.searchengine.FileWatcher.WatchService</class>
  <method>run</method>
  <thread>24</thread>
  <message>ENTRY_MODIFY: /Users/Nut/Documents/internship/testsubjects/.DS_Store</message>
</record>
</log>
<?xml version="1.0" encoding="UTF-8" standalone="no"?>
<!DOCTYPE log SYSTEM "logger.dtd">
<log>
<record>
  <date>2016-06-21T23:03:38</date>
  <millis>1466543018005</millis>
  <sequence>7</sequence>
  <logger>com.fernuni.searchengine.FileWatcher.WatchDir</logger>
  <level>INFO</level>
  <class>com.fernuni.searchengine.FileWatcher.WatchService</class>
  <method>&lt;init&gt;</method>
  <thread>22</thread>
  <message>Scanning /Users/Nut/Documents/internship/testsubjects ...</message>
</record>
<record>
  <date>2016-06-21T23:03:38</date>
  <millis>1466543018013</millis>
  <sequence>8</sequence>
  <logger>com.fernuni.searchengine.FileWatcher.WatchDir</logger>
  <level>INFO</level>
  <class>com.fernuni.searchengine.FileWatcher.WatchService</class>
  <method>&lt;init&gt;</method>
  <thread>22</thread>
  <message>Done.</message>
</record>
<record>
  <date>2016-06-21T23:03:58</date>
  <millis>1466543038019</millis>
  <sequence>27</sequence>
  <logger>com.fernuni.searchengine.FileWatcher.WatchDir</logger>
  <level>INFO</level>
  <class>com.fernuni.searchengine.FileWatcher.WatchService</class>
  <method>run</method>
  <thread>24</thread>
  <message>ENTRY_MODIFY: /Users/Nut/Documents/internship/testsubjects/.DS_Store</message>
</record>
<record>
  <date>2016-06-21T23:03:58</date>
  <millis>1466543038021</millis>
  <sequence>28</sequence>
  <logger>com.fernuni.searchengine.FileWatcher.WatchDir</logger>
  <level>INFO</level>
  <class>com.fernuni.searchengine.FileWatcher.WatchService</class>
  <method>run</method>
  <thread>24</thread>
  <message>ENTRY_DELETE: /Users/Nut/Documents/internship/testsubjects/j_winut copy.txt</message>
</record>
</log>
<?xml version="1.0" encoding="UTF-8" standalone="no"?>
<!DOCTYPE log SYSTEM "logger.dtd">
<log>
<record>
  <date>2016-06-21T23:05:27</date>
  <millis>1466543127087</millis>
  <sequence>7</sequence>
  <logger>com.fernuni.searchengine.FileWatcher.WatchDir</logger>
  <level>INFO</level>
  <class>com.fernuni.searchengine.FileWatcher.WatchService</class>
  <method>&lt;init&gt;</method>
  <thread>22</thread>
  <message>Scanning /Users/Nut/Documents/internship/testsubjects ...</message>
</record>
<record>
  <date>2016-06-21T23:05:27</date>
  <millis>1466543127092</millis>
  <sequence>8</sequence>
  <logger>com.fernuni.searchengine.FileWatcher.WatchDir</logger>
  <level>INFO</level>
  <class>com.fernuni.searchengine.FileWatcher.WatchService</class>
  <method>&lt;init&gt;</method>
  <thread>22</thread>
  <message>Done.</message>
</record>
<record>
  <date>2016-06-21T23:05:47</date>
  <millis>1466543147095</millis>
  <sequence>26</sequence>
  <logger>com.fernuni.searchengine.FileWatcher.WatchDir</logger>
  <level>INFO</level>
  <class>com.fernuni.searchengine.FileWatcher.WatchService</class>
  <method>run</method>
  <thread>24</thread>
  <message>ENTRY_MODIFY: /Users/Nut/Documents/internship/testsubjects/.DS_Store</message>
</record>
<record>
  <date>2016-06-21T23:05:47</date>
  <millis>1466543147096</millis>
  <sequence>27</sequence>
  <logger>com.fernuni.searchengine.FileWatcher.WatchDir</logger>
  <level>INFO</level>
  <class>com.fernuni.searchengine.FileWatcher.WatchService</class>
  <method>run</method>
  <thread>24</thread>
  <message>ENTRY_CREATE: /Users/Nut/Documents/internship/testsubjects/j_winut copy.txt</message>
</record>
<record>
  <date>2016-06-21T23:06:07</date>
  <millis>1466543167095</millis>
  <sequence>30</sequence>
  <logger>com.fernuni.searchengine.FileWatcher.WatchDir</logger>
  <level>INFO</level>
  <class>com.fernuni.searchengine.FileWatcher.WatchService</class>
  <method>run</method>
  <thread>24</thread>
  <message>ENTRY_MODIFY: /Users/Nut/Documents/internship/testsubjects/.DS_Store</message>
</record>
<record>
  <date>2016-06-21T23:06:07</date>
  <millis>1466543167104</millis>
  <sequence>31</sequence>
  <logger>com.fernuni.searchengine.FileWatcher.WatchDir</logger>
  <level>INFO</level>
  <class>com.fernuni.searchengine.FileWatcher.WatchService</class>
  <method>run</method>
  <thread>24</thread>
  <message>ENTRY_DELETE: /Users/Nut/Documents/internship/testsubjects/j_winut copy.txt</message>
</record>
</log>
<?xml version="1.0" encoding="UTF-8" standalone="no"?>
<!DOCTYPE log SYSTEM "logger.dtd">
<log>
<record>
  <date>2016-06-21T23:11:37</date>
  <millis>1466543497792</millis>
  <sequence>7</sequence>
  <logger>com.fernuni.searchengine.FileWatcher.WatchDir</logger>
  <level>INFO</level>
  <class>com.fernuni.searchengine.FileWatcher.WatchService</class>
  <method>&lt;init&gt;</method>
  <thread>22</thread>
  <message>Scanning /Users/Nut/Documents/internship/testsubjects ...</message>
</record>
<record>
  <date>2016-06-21T23:11:37</date>
  <millis>1466543497799</millis>
  <sequence>8</sequence>
  <logger>com.fernuni.searchengine.FileWatcher.WatchDir</logger>
  <level>INFO</level>
  <class>com.fernuni.searchengine.FileWatcher.WatchService</class>
  <method>&lt;init&gt;</method>
  <thread>22</thread>
  <message>Done.</message>
</record>
</log>
<?xml version="1.0" encoding="UTF-8" standalone="no"?>
<!DOCTYPE log SYSTEM "logger.dtd">
<log>
<record>
  <date>2016-06-21T23:14:41</date>
  <millis>1466543681732</millis>
  <sequence>7</sequence>
  <logger>com.fernuni.searchengine.FileWatcher.WatchDir</logger>
  <level>INFO</level>
  <class>com.fernuni.searchengine.FileWatcher.WatchService</class>
  <method>&lt;init&gt;</method>
  <thread>22</thread>
  <message>Scanning /Users/Nut/Documents/internship/testsubjects ...</message>
</record>
<record>
  <date>2016-06-21T23:14:41</date>
  <millis>1466543681743</millis>
  <sequence>8</sequence>
  <logger>com.fernuni.searchengine.FileWatcher.WatchDir</logger>
  <level>INFO</level>
  <class>com.fernuni.searchengine.FileWatcher.WatchService</class>
  <method>&lt;init&gt;</method>
  <thread>22</thread>
  <message>Done.</message>
</record>
<record>
  <date>2016-06-21T23:15:01</date>
  <millis>1466543701744</millis>
  <sequence>27</sequence>
  <logger>com.fernuni.searchengine.FileWatcher.WatchDir</logger>
  <level>INFO</level>
  <class>com.fernuni.searchengine.FileWatcher.WatchService</class>
  <method>run</method>
  <thread>24</thread>
  <message>ENTRY_MODIFY: /Users/Nut/Documents/internship/testsubjects/.DS_Store</message>
</record>
<record>
  <date>2016-06-21T23:15:01</date>
  <millis>1466543701746</millis>
  <sequence>28</sequence>
  <logger>com.fernuni.searchengine.FileWatcher.WatchDir</logger>
  <level>INFO</level>
  <class>com.fernuni.searchengine.FileWatcher.WatchService</class>
  <method>run</method>
  <thread>24</thread>
  <message>ENTRY_DELETE: /Users/Nut/Documents/internship/testsubjects/j_winut copy.txt</message>
</record>
<record>
  <date>2016-06-21T23:15:31</date>
  <millis>1466543731746</millis>
  <sequence>30</sequence>
  <logger>com.fernuni.searchengine.FileWatcher.WatchDir</logger>
  <level>INFO</level>
  <class>com.fernuni.searchengine.FileWatcher.WatchService</class>
  <method>run</method>
  <thread>24</thread>
  <message>ENTRY_MODIFY: /Users/Nut/Documents/internship/testsubjects/.DS_Store</message>
</record>
<record>
  <date>2016-06-21T23:15:31</date>
  <millis>1466543731748</millis>
  <sequence>31</sequence>
  <logger>com.fernuni.searchengine.FileWatcher.WatchDir</logger>
  <level>INFO</level>
  <class>com.fernuni.searchengine.FileWatcher.WatchService</class>
  <method>run</method>
  <thread>24</thread>
  <message>ENTRY_CREATE: /Users/Nut/Documents/internship/testsubjects/j_winut copy.txt</message>
</record>
<record>
  <date>2016-06-21T23:16:01</date>
  <millis>1466543761754</millis>
  <sequence>43</sequence>
  <logger>com.fernuni.searchengine.FileWatcher.WatchDir</logger>
  <level>INFO</level>
  <class>com.fernuni.searchengine.FileWatcher.WatchService</class>
  <method>run</method>
  <thread>24</thread>
  <message>ENTRY_MODIFY: /Users/Nut/Documents/internship/testsubjects/.DS_Store</message>
</record>
<record>
  <date>2016-06-21T23:16:01</date>
  <millis>1466543761756</millis>
  <sequence>44</sequence>
  <logger>com.fernuni.searchengine.FileWatcher.WatchDir</logger>
  <level>INFO</level>
  <class>com.fernuni.searchengine.FileWatcher.WatchService</class>
  <method>run</method>
  <thread>24</thread>
  <message>ENTRY_DELETE: /Users/Nut/Documents/internship/testsubjects/j_winut.txt</message>
</record>
<record>
  <date>2016-06-21T23:16:01</date>
  <millis>1466543761780</millis>
  <sequence>46</sequence>
  <logger>com.fernuni.searchengine.FileWatcher.WatchDir</logger>
  <level>INFO</level>
  <class>com.fernuni.searchengine.FileWatcher.WatchService</class>
  <method>run</method>
  <thread>24</thread>
  <message>ENTRY_DELETE: /Users/Nut/Documents/internship/testsubjects/j_winut copy.txt</message>
</record>
<record>
  <date>2016-06-21T23:16:51</date>
  <millis>1466543811746</millis>
  <sequence>48</sequence>
  <logger>com.fernuni.searchengine.FileWatcher.WatchDir</logger>
  <level>INFO</level>
  <class>com.fernuni.searchengine.FileWatcher.WatchService</class>
  <method>run</method>
  <thread>24</thread>
  <message>ENTRY_MODIFY: /Users/Nut/Documents/internship/testsubjects/.DS_Store</message>
</record>
<record>
  <date>2016-06-21T23:17:01</date>
  <millis>1466543821750</millis>
  <sequence>49</sequence>
  <logger>com.fernuni.searchengine.FileWatcher.WatchDir</logger>
  <level>INFO</level>
  <class>com.fernuni.searchengine.FileWatcher.WatchService</class>
  <method>run</method>
  <thread>24</thread>
  <message>ENTRY_CREATE: /Users/Nut/Documents/internship/testsubjects/j_winut 11.15.58 PM.txt</message>
</record>
<record>
  <date>2016-06-21T23:17:11</date>
  <millis>1466543831746</millis>
  <sequence>52</sequence>
  <logger>com.fernuni.searchengine.FileWatcher.WatchDir</logger>
  <level>INFO</level>
  <class>com.fernuni.searchengine.FileWatcher.WatchService</class>
  <method>run</method>
  <thread>24</thread>
  <message>ENTRY_MODIFY: /Users/Nut/Documents/internship/testsubjects/.DS_Store</message>
</record>
<record>
  <date>2016-06-21T23:17:11</date>
  <millis>1466543831746</millis>
  <sequence>53</sequence>
  <logger>com.fernuni.searchengine.FileWatcher.WatchDir</logger>
  <level>INFO</level>
  <class>com.fernuni.searchengine.FileWatcher.WatchService</class>
  <method>run</method>
  <thread>24</thread>
  <message>ENTRY_CREATE: /Users/Nut/Documents/internship/testsubjects/j_winut.txt</message>
</record>
<record>
  <date>2016-06-21T23:17:11</date>
  <millis>1466543831803</millis>
  <sequence>56</sequence>
  <logger>com.fernuni.searchengine.FileWatcher.WatchDir</logger>
  <level>INFO</level>
  <class>com.fernuni.searchengine.FileWatcher.WatchService</class>
  <method>run</method>
  <thread>24</thread>
  <message>ENTRY_DELETE: /Users/Nut/Documents/internship/testsubjects/j_winut 11.15.58 PM.txt</message>
</record>
</log>
<?xml version="1.0" encoding="UTF-8" standalone="no"?>
<!DOCTYPE log SYSTEM "logger.dtd">
<log>
<record>
  <date>2016-06-21T23:24:30</date>
  <millis>1466544270205</millis>
  <sequence>7</sequence>
  <logger>com.fernuni.searchengine.FileWatcher.WatchDir</logger>
  <level>INFO</level>
  <class>com.fernuni.searchengine.FileWatcher.WatchService</class>
  <method>&lt;init&gt;</method>
  <thread>22</thread>
  <message>Scanning /Users/Nut/Documents/internship/testsubjects ...</message>
</record>
<record>
  <date>2016-06-21T23:24:30</date>
  <millis>1466544270215</millis>
  <sequence>8</sequence>
  <logger>com.fernuni.searchengine.FileWatcher.WatchDir</logger>
  <level>INFO</level>
  <class>com.fernuni.searchengine.FileWatcher.WatchService</class>
  <method>&lt;init&gt;</method>
  <thread>22</thread>
  <message>Done.</message>
</record>
<record>
  <date>2016-06-21T23:25:10</date>
  <millis>1466544310217</millis>
  <sequence>26</sequence>
  <logger>com.fernuni.searchengine.FileWatcher.WatchDir</logger>
  <level>INFO</level>
  <class>com.fernuni.searchengine.FileWatcher.WatchService</class>
  <method>run</method>
  <thread>24</thread>
  <message>ENTRY_MODIFY: /Users/Nut/Documents/internship/testsubjects/.DS_Store</message>
</record>
<record>
  <date>2016-06-21T23:25:10</date>
  <millis>1466544310226</millis>
  <sequence>27</sequence>
  <logger>com.fernuni.searchengine.FileWatcher.WatchDir</logger>
  <level>INFO</level>
  <class>com.fernuni.searchengine.FileWatcher.WatchService</class>
  <method>run</method>
  <thread>24</thread>
  <message>ENTRY_CREATE: /Users/Nut/Documents/internship/testsubjects/j_winut copy.txt</message>
</record>
<record>
  <date>2016-06-21T23:25:20</date>
  <millis>1466544320216</millis>
  <sequence>30</sequence>
  <logger>com.fernuni.searchengine.FileWatcher.WatchDir</logger>
  <level>INFO</level>
  <class>com.fernuni.searchengine.FileWatcher.WatchService</class>
  <method>run</method>
  <thread>24</thread>
  <message>ENTRY_DELETE: /Users/Nut/Documents/internship/testsubjects/j_winut copy.txt</message>
</record>
<record>
  <date>2016-06-21T23:25:30</date>
  <millis>1466544330216</millis>
  <sequence>32</sequence>
  <logger>com.fernuni.searchengine.FileWatcher.WatchDir</logger>
  <level>INFO</level>
  <class>com.fernuni.searchengine.FileWatcher.WatchService</class>
  <method>run</method>
  <thread>24</thread>
  <message>ENTRY_MODIFY: /Users/Nut/Documents/internship/testsubjects/.DS_Store</message>
</record>
</log>
<?xml version="1.0" encoding="UTF-8" standalone="no"?>
<!DOCTYPE log SYSTEM "logger.dtd">
<log>
<record>
  <date>2016-06-21T23:27:05</date>
  <millis>1466544425425</millis>
  <sequence>7</sequence>
  <logger>com.fernuni.searchengine.FileWatcher.WatchDir</logger>
  <level>INFO</level>
  <class>com.fernuni.searchengine.FileWatcher.WatchService</class>
  <method>&lt;init&gt;</method>
  <thread>22</thread>
  <message>Scanning /Users/Nut/Documents/internship/testsubjects ...</message>
</record>
<record>
  <date>2016-06-21T23:27:05</date>
  <millis>1466544425432</millis>
  <sequence>8</sequence>
  <logger>com.fernuni.searchengine.FileWatcher.WatchDir</logger>
  <level>INFO</level>
  <class>com.fernuni.searchengine.FileWatcher.WatchService</class>
  <method>&lt;init&gt;</method>
  <thread>22</thread>
  <message>Done.</message>
</record>
<record>
  <date>2016-06-21T23:27:35</date>
  <millis>1466544455435</millis>
  <sequence>27</sequence>
  <logger>com.fernuni.searchengine.FileWatcher.WatchDir</logger>
  <level>INFO</level>
  <class>com.fernuni.searchengine.FileWatcher.WatchService</class>
  <method>run</method>
  <thread>24</thread>
  <message>ENTRY_MODIFY: /Users/Nut/Documents/internship/testsubjects/.DS_Store</message>
</record>
<record>
  <date>2016-06-21T23:27:35</date>
  <millis>1466544455446</millis>
  <sequence>28</sequence>
  <logger>com.fernuni.searchengine.FileWatcher.WatchDir</logger>
  <level>INFO</level>
  <class>com.fernuni.searchengine.FileWatcher.WatchService</class>
  <method>run</method>
  <thread>24</thread>
  <message>ENTRY_CREATE: /Users/Nut/Documents/internship/testsubjects/j_winut copy 2.txt</message>
</record>
<record>
  <date>2016-06-21T23:27:55</date>
  <millis>1466544475436</millis>
  <sequence>31</sequence>
  <logger>com.fernuni.searchengine.FileWatcher.WatchDir</logger>
  <level>INFO</level>
  <class>com.fernuni.searchengine.FileWatcher.WatchService</class>
  <method>run</method>
  <thread>24</thread>
  <message>ENTRY_CREATE: /Users/Nut/Documents/internship/testsubjects/pdf copy.pdf</message>
</record>
<record>
  <date>2016-06-21T23:28:05</date>
  <millis>1466544485435</millis>
  <sequence>34</sequence>
  <logger>com.fernuni.searchengine.FileWatcher.WatchDir</logger>
  <level>INFO</level>
  <class>com.fernuni.searchengine.FileWatcher.WatchService</class>
  <method>run</method>
  <thread>24</thread>
  <message>ENTRY_MODIFY: /Users/Nut/Documents/internship/testsubjects/.DS_Store</message>
</record>
<record>
  <date>2016-06-21T23:28:05</date>
  <millis>1466544485444</millis>
  <sequence>35</sequence>
  <logger>com.fernuni.searchengine.FileWatcher.WatchDir</logger>
  <level>INFO</level>
  <class>com.fernuni.searchengine.FileWatcher.WatchService</class>
  <method>run</method>
  <thread>24</thread>
  <message>ENTRY_DELETE: /Users/Nut/Documents/internship/testsubjects/pdf.pdf</message>
</record>
<record>
  <date>2016-06-21T23:28:15</date>
  <millis>1466544495436</millis>
  <sequence>37</sequence>
  <logger>com.fernuni.searchengine.FileWatcher.WatchDir</logger>
  <level>INFO</level>
  <class>com.fernuni.searchengine.FileWatcher.WatchService</class>
  <method>run</method>
  <thread>24</thread>
  <message>ENTRY_DELETE: /Users/Nut/Documents/internship/testsubjects/j_winut copy.txt</message>
</record>
<record>
  <date>2016-06-21T23:28:15</date>
  <millis>1466544495461</millis>
  <sequence>39</sequence>
  <logger>com.fernuni.searchengine.FileWatcher.WatchDir</logger>
  <level>INFO</level>
  <class>com.fernuni.searchengine.FileWatcher.WatchService</class>
  <method>run</method>
  <thread>24</thread>
  <message>ENTRY_DELETE: /Users/Nut/Documents/internship/testsubjects/j_winut copy 2.txt</message>
</record>
<record>
  <date>2016-06-21T23:28:25</date>
  <millis>1466544505437</millis>
  <sequence>41</sequence>
  <logger>com.fernuni.searchengine.FileWatcher.WatchDir</logger>
  <level>INFO</level>
  <class>com.fernuni.searchengine.FileWatcher.WatchService</class>
  <method>run</method>
  <thread>24</thread>
  <message>ENTRY_MODIFY: /Users/Nut/Documents/internship/testsubjects/.DS_Store</message>
</record>
<record>
  <date>2016-06-21T23:29:05</date>
  <millis>1466544545435</millis>
  <sequence>42</sequence>
  <logger>com.fernuni.searchengine.FileWatcher.WatchDir</logger>
  <level>INFO</level>
  <class>com.fernuni.searchengine.FileWatcher.WatchService</class>
  <method>run</method>
  <thread>24</thread>
  <message>ENTRY_CREATE: /Users/Nut/Documents/internship/testsubjects/pdf.pdf</message>
</record>
<record>
  <date>2016-06-21T23:29:05</date>
  <millis>1466544545692</millis>
  <sequence>45</sequence>
  <logger>com.fernuni.searchengine.FileWatcher.WatchDir</logger>
  <level>INFO</level>
  <class>com.fernuni.searchengine.FileWatcher.WatchService</class>
  <method>run</method>
  <thread>24</thread>
  <message>ENTRY_DELETE: /Users/Nut/Documents/internship/testsubjects/pdf copy.pdf</message>
</record>
</log>
<?xml version="1.0" encoding="UTF-8" standalone="no"?>
<!DOCTYPE log SYSTEM "logger.dtd">
<log>
<record>
  <date>2016-06-21T23:33:36</date>
  <millis>1466544816330</millis>
  <sequence>7</sequence>
  <logger>com.fernuni.searchengine.FileWatcher.WatchDir</logger>
  <level>INFO</level>
  <class>com.fernuni.searchengine.FileWatcher.WatchService</class>
  <method>&lt;init&gt;</method>
  <thread>22</thread>
  <message>Scanning /Users/Nut/Documents/internship/testsubjects ...</message>
</record>
<record>
  <date>2016-06-21T23:33:36</date>
  <millis>1466544816338</millis>
  <sequence>8</sequence>
  <logger>com.fernuni.searchengine.FileWatcher.WatchDir</logger>
  <level>INFO</level>
  <class>com.fernuni.searchengine.FileWatcher.WatchService</class>
  <method>&lt;init&gt;</method>
  <thread>22</thread>
  <message>Done.</message>
</record>
<record>
  <date>2016-06-21T23:33:56</date>
  <millis>1466544836341</millis>
  <sequence>26</sequence>
  <logger>com.fernuni.searchengine.FileWatcher.WatchDir</logger>
  <level>INFO</level>
  <class>com.fernuni.searchengine.FileWatcher.WatchService</class>
  <method>run</method>
  <thread>24</thread>
  <message>ENTRY_MODIFY: /Users/Nut/Documents/internship/testsubjects/.DS_Store</message>
</record>
<record>
  <date>2016-06-21T23:33:56</date>
  <millis>1466544836350</millis>
  <sequence>27</sequence>
  <logger>com.fernuni.searchengine.FileWatcher.WatchDir</logger>
  <level>INFO</level>
  <class>com.fernuni.searchengine.FileWatcher.WatchService</class>
  <method>run</method>
  <thread>24</thread>
  <message>ENTRY_CREATE: /Users/Nut/Documents/internship/testsubjects/j_winut copy.txt</message>
</record>
<record>
  <date>2016-06-21T23:35:16</date>
  <millis>1466544916346</millis>
  <sequence>30</sequence>
  <logger>com.fernuni.searchengine.FileWatcher.WatchDir</logger>
  <level>INFO</level>
  <class>com.fernuni.searchengine.FileWatcher.WatchService</class>
  <method>run</method>
  <thread>24</thread>
  <message>ENTRY_DELETE: /Users/Nut/Documents/internship/testsubjects/j_winut.txt</message>
</record>
<record>
  <date>2016-06-21T23:35:26</date>
  <millis>1466544926342</millis>
  <sequence>32</sequence>
  <logger>com.fernuni.searchengine.FileWatcher.WatchDir</logger>
  <level>INFO</level>
  <class>com.fernuni.searchengine.FileWatcher.WatchService</class>
  <method>run</method>
  <thread>24</thread>
  <message>ENTRY_MODIFY: /Users/Nut/Documents/internship/testsubjects/.DS_Store</message>
</record>
<record>
  <date>2016-06-21T23:35:56</date>
  <millis>1466544956344</millis>
  <sequence>40</sequence>
  <logger>com.fernuni.searchengine.FileWatcher.WatchDir</logger>
  <level>INFO</level>
  <class>com.fernuni.searchengine.FileWatcher.WatchService</class>
  <method>run</method>
  <thread>24</thread>
  <message>ENTRY_CREATE: /Users/Nut/Documents/internship/testsubjects/j_winut.txt</message>
</record>
<record>
  <date>2016-06-21T23:35:56</date>
  <millis>1466544956405</millis>
  <sequence>50</sequence>
  <logger>com.fernuni.searchengine.FileWatcher.WatchDir</logger>
  <level>INFO</level>
  <class>com.fernuni.searchengine.FileWatcher.WatchService</class>
  <method>run</method>
  <thread>24</thread>
  <message>ENTRY_DELETE: /Users/Nut/Documents/internship/testsubjects/j_winut copy.txt</message>
</record>
</log>
<?xml version="1.0" encoding="UTF-8" standalone="no"?>
<!DOCTYPE log SYSTEM "logger.dtd">
<log>
<record>
  <date>2016-06-21T23:37:03</date>
  <millis>1466545023220</millis>
  <sequence>7</sequence>
  <logger>com.fernuni.searchengine.FileWatcher.WatchDir</logger>
  <level>INFO</level>
  <class>com.fernuni.searchengine.FileWatcher.WatchService</class>
  <method>&lt;init&gt;</method>
  <thread>22</thread>
  <message>Scanning /Users/Nut/Documents/internship/testsubjects ...</message>
</record>
<record>
  <date>2016-06-21T23:37:03</date>
  <millis>1466545023227</millis>
  <sequence>8</sequence>
  <logger>com.fernuni.searchengine.FileWatcher.WatchDir</logger>
  <level>INFO</level>
  <class>com.fernuni.searchengine.FileWatcher.WatchService</class>
  <method>&lt;init&gt;</method>
  <thread>22</thread>
  <message>Done.</message>
</record>
<record>
  <date>2016-06-21T23:37:23</date>
  <millis>1466545043231</millis>
  <sequence>16</sequence>
  <logger>com.fernuni.searchengine.FileWatcher.WatchDir</logger>
  <level>INFO</level>
  <class>com.fernuni.searchengine.FileWatcher.WatchService</class>
  <method>run</method>
  <thread>24</thread>
  <message>ENTRY_MODIFY: /Users/Nut/Documents/internship/testsubjects/.DS_Store</message>
</record>
<record>
  <date>2016-06-21T23:37:23</date>
  <millis>1466545043232</millis>
  <sequence>17</sequence>
  <logger>com.fernuni.searchengine.FileWatcher.WatchDir</logger>
  <level>INFO</level>
  <class>com.fernuni.searchengine.FileWatcher.WatchService</class>
  <method>run</method>
  <thread>24</thread>
  <message>ENTRY_CREATE: /Users/Nut/Documents/internship/testsubjects/j_winut copy.txt</message>
</record>
<record>
  <date>2016-06-21T23:37:43</date>
  <millis>1466545063228</millis>
  <sequence>20</sequence>
  <logger>com.fernuni.searchengine.FileWatcher.WatchDir</logger>
  <level>INFO</level>
  <class>com.fernuni.searchengine.FileWatcher.WatchService</class>
  <method>run</method>
  <thread>24</thread>
  <message>ENTRY_DELETE: /Users/Nut/Documents/internship/testsubjects/j_winut copy.txt</message>
</record>
<record>
  <date>2016-06-21T23:37:53</date>
  <millis>1466545073231</millis>
  <sequence>22</sequence>
  <logger>com.fernuni.searchengine.FileWatcher.WatchDir</logger>
  <level>INFO</level>
  <class>com.fernuni.searchengine.FileWatcher.WatchService</class>
  <method>run</method>
  <thread>24</thread>
  <message>ENTRY_MODIFY: /Users/Nut/Documents/internship/testsubjects/.DS_Store</message>
</record>
<record>
  <date>2016-06-21T23:38:00</date>
  <millis>1466545080085</millis>
  <sequence>24</sequence>
  <logger>com.fernuni.searchengine.FileWatcher.WatchDir</logger>
  <level>INFO</level>
  <class>com.fernuni.searchengine.FileWatcher.WatchService</class>
  <method>kill</method>
  <thread>26</thread>
  <message>Stopping WatchService...</message>
</record>
</log>
